<?xml version="1.0" encoding="UTF-8"?>
<!-- Generated by org.testng.reporters.JUnitReportReporter -->
<testsuite hostname="komal" name="OrangeHRM.Orange1.AppTest" tests="1" failures="0" timestamp="9 Apr 2019 10:27:49 GMT" time="0.000" errors="0">
  <testcase name="testApp" time="0.000" classname="OrangeHRM.Orange1.AppTest"/>
</testsuite> <!-- OrangeHRM.Orange1.AppTest -->
